0 info it worked if it ends with ok
1 verbose cli [ '/usr/bin/node', '/usr/bin/npm', 'install', 'ng-animate' ]
2 info using npm@1.4.28
3 info using node@v0.10.35
4 verbose node symlink /usr/bin/node
5 verbose readDependencies using package.json deps
6 verbose cache add [ 'ng-animate', null ]
7 verbose cache add name=undefined spec="ng-animate" args=["ng-animate",null]
8 verbose parsed url { protocol: null,
8 verbose parsed url   slashes: null,
8 verbose parsed url   auth: null,
8 verbose parsed url   host: null,
8 verbose parsed url   port: null,
8 verbose parsed url   hostname: null,
8 verbose parsed url   hash: null,
8 verbose parsed url   search: null,
8 verbose parsed url   query: null,
8 verbose parsed url   pathname: 'ng-animate',
8 verbose parsed url   path: 'ng-animate',
8 verbose parsed url   href: 'ng-animate' }
9 silly lockFile c6902084-ng-animate ng-animate
10 verbose lock ng-animate /home/melissa/.npm/c6902084-ng-animate.lock
11 silly lockFile c6902084-ng-animate ng-animate
12 silly lockFile c6902084-ng-animate ng-animate
13 verbose addNamed [ 'ng-animate', '' ]
14 verbose addNamed [ null, '*' ]
15 silly lockFile 63950807-ng-animate ng-animate@
16 verbose lock ng-animate@ /home/melissa/.npm/63950807-ng-animate.lock
17 silly addNameRange { name: 'ng-animate', range: '*', hasData: false }
18 verbose request where is /ng-animate
19 verbose request registry https://registry.npmjs.org/
20 verbose request id 86c8202c52a401eb
21 verbose url raw /ng-animate
22 verbose url resolving [ 'https://registry.npmjs.org/', './ng-animate' ]
23 verbose url resolved https://registry.npmjs.org/ng-animate
24 verbose request where is https://registry.npmjs.org/ng-animate
25 info trying registry request attempt 1 at 17:55:51
26 http GET https://registry.npmjs.org/ng-animate
27 http 404 https://registry.npmjs.org/ng-animate
28 verbose headers { date: 'Sun, 18 Jan 2015 22:55:52 GMT',
28 verbose headers   server: 'CouchDB/1.5.0 (Erlang OTP/R14B04)',
28 verbose headers   'content-type': 'application/json',
28 verbose headers   'cache-control': 'max-age=0',
28 verbose headers   'content-length': '52',
28 verbose headers   'accept-ranges': 'bytes',
28 verbose headers   via: '1.1 varnish',
28 verbose headers   age: '0',
28 verbose headers   'x-served-by': 'cache-iad2140-IAD',
28 verbose headers   'x-cache': 'MISS',
28 verbose headers   'x-cache-hits': '0',
28 verbose headers   'x-timer': 'S1421621751.994776,VS0,VE64',
28 verbose headers   'keep-alive': 'timeout=10, max=50',
28 verbose headers   connection: 'Keep-Alive' }
29 silly registry.get cb [ 404,
29 silly registry.get   { date: 'Sun, 18 Jan 2015 22:55:52 GMT',
29 silly registry.get     server: 'CouchDB/1.5.0 (Erlang OTP/R14B04)',
29 silly registry.get     'content-type': 'application/json',
29 silly registry.get     'cache-control': 'max-age=0',
29 silly registry.get     'content-length': '52',
29 silly registry.get     'accept-ranges': 'bytes',
29 silly registry.get     via: '1.1 varnish',
29 silly registry.get     age: '0',
29 silly registry.get     'x-served-by': 'cache-iad2140-IAD',
29 silly registry.get     'x-cache': 'MISS',
29 silly registry.get     'x-cache-hits': '0',
29 silly registry.get     'x-timer': 'S1421621751.994776,VS0,VE64',
29 silly registry.get     'keep-alive': 'timeout=10, max=50',
29 silly registry.get     connection: 'Keep-Alive' } ]
30 silly lockFile 63950807-ng-animate ng-animate@
31 silly lockFile 63950807-ng-animate ng-animate@
32 error 404 404 Not Found: ng-animate
32 error 404
32 error 404 'ng-animate' is not in the npm registry.
32 error 404 You should bug the author to publish it
32 error 404 It was specified as a dependency of 'stack-store'
32 error 404
32 error 404 Note that you can also install from a
32 error 404 tarball, folder, or http url, or git url.
33 error System Linux 3.13.0-44-generic
34 error command "/usr/bin/node" "/usr/bin/npm" "install" "ng-animate"
35 error cwd /home/melissa/learn/stack_store
36 error node -v v0.10.35
37 error npm -v 1.4.28
38 error code E404
39 verbose exit [ 1, true ]
